[0m2021.10.17 16:32:33 INFO  Started: Metals version 0.10.7 in workspace 'H:\My Drive\Fall 2021 - Usask\CMPT 340\Solution_TextBook\fp_sol' for client Visual Studio Code 1.61.1.[0m
[0m2021.10.17 16:32:35 INFO  time: initialize in 2.6s[0m
[0m2021.10.17 16:32:36 WARN  Build server is not auto-connectable.[0m
[0m2021.10.17 16:32:36 WARN  no build tool detected in workspace 'H:\My Drive\Fall 2021 - Usask\CMPT 340\Solution_TextBook\fp_sol'. The most common cause for this problem is that the editor was opened in the wrong working directory, for example if you use sbt then the workspace directory should contain build.sbt. [0m
[0m2021.10.17 16:32:37 WARN  no build target for: H:\My Drive\Fall 2021 - Usask\CMPT 340\Solution_TextBook\fp_sol\ch_2\curry.scala[0m
[0m2021.10.17 16:32:37 WARN  no build target for: H:\My Drive\Fall 2021 - Usask\CMPT 340\Solution_TextBook\fp_sol\ch_2\uncurry.scala[0m
Oct 17, 2021 4:32:38 PM org.eclipse.lsp4j.jsonrpc.RemoteEndpoint handleCancellation
WARNING: Unmatched cancel notification for request id 2
Oct 17, 2021 4:32:39 PM org.eclipse.lsp4j.jsonrpc.RemoteEndpoint handleCancellation
WARNING: Unmatched cancel notification for request id 4
[0m2021.10.17 16:32:43 INFO  no build target: using presentation compiler with only scala-library: 2.12.15[0m
[0m2021.10.17 16:32:46 INFO  time: code lens generation in 5.95s[0m
[0m2021.10.17 16:32:46 INFO  time: code lens generation in 7.39s[0m
[0m2021.10.17 16:32:46 INFO  time: code lens generation in 7.57s[0m
Oct 17, 2021 4:34:58 PM org.eclipse.lsp4j.jsonrpc.RemoteEndpoint handleCancellation
WARNING: Unmatched cancel notification for request id 242
[0m2021.10.17 16:35:03 WARN  no build target for: H:\My Drive\Fall 2021 - Usask\CMPT 340\Solution_TextBook\fp_sol\ch_2\curry.scala[0m
Oct 17, 2021 4:35:11 PM org.eclipse.lsp4j.jsonrpc.RemoteEndpoint handleCancellation
WARNING: Unmatched cancel notification for request id 256
[0m2021.10.17 16:36:46 WARN  no build target for: H:\My Drive\Fall 2021 - Usask\CMPT 340\Solution_TextBook\fp_sol\ch_2\uncurry.scala[0m
